<?xml version="1.0" encoding="UTF-8"?>
<!-- Generated by org.testng.reporters.JUnitReportReporter -->
<testsuite hostname="DESKTOP-4VT63TV" failures="0" tests="6" name="TestNGPrograms.Sample" time="0.010" errors="0" timestamp="2023-06-06T10:04:01 IST" skipped="4">
  <testcase classname="TestNGPrograms.Sample" name="TC3" time="0.003"/>
  <system-out>
    <![CDATA[This is step 3]]>
  </system-out>
  <testcase classname="TestNGPrograms.Sample" name="TC2" time="0.000">
    <skipped/>
  </testcase> <!-- TC2 -->
  <system-out/>
  <testcase classname="TestNGPrograms.Sample" name="TC2" time="0.002">
    <skipped/>
  </testcase> <!-- TC2 -->
  <system-out/>
  <testcase classname="TestNGPrograms.Sample" name="TC2" time="0.002">
    <skipped/>
  </testcase> <!-- TC2 -->
  <system-out/>
  <testcase classname="TestNGPrograms.Sample" name="TC2" time="0.001">
    <skipped/>
  </testcase> <!-- TC2 -->
  <system-out/>
  <testcase classname="TestNGPrograms.Sample" name="TC1" time="0.002"/>
  <system-out>
    <![CDATA[This is step 1]]>
  </system-out>
</testsuite> <!-- TestNGPrograms.Sample -->
